{"C:\\Users\\hp\\Desktop\\New folder\\Backend Project\\GripInvest-backend\\src\\app.js": {"path":"C:\\Users\\hp\\Desktop\\New folder\\Backend Project\\GripInvest-backend\\src\\app.js","statementMap":{"0":{"start":{"line":2,"column":16},"end":{"line":2,"column":34}},"1":{"start":{"line":3,"column":13},"end":{"line":3,"column":28}},"2":{"start":{"line":4,"column":13},"end":{"line":4,"column":28}},"3":{"start":{"line":6,"column":13},"end":{"line":6,"column":41}},"4":{"start":{"line":8,"column":19},"end":{"line":8,"column":43}},"5":{"start":{"line":9,"column":22},"end":{"line":9,"column":50}},"6":{"start":{"line":10,"column":25},"end":{"line":10,"column":56}},"7":{"start":{"line":11,"column":18},"end":{"line":11,"column":42}},"8":{"start":{"line":13,"column":12},"end":{"line":13,"column":21}},"9":{"start":{"line":14,"column":13},"end":{"line":14,"column":37}},"10":{"start":{"line":16,"column":0},"end":{"line":16,"column":16}},"11":{"start":{"line":17,"column":0},"end":{"line":17,"column":24}},"12":{"start":{"line":18,"column":0},"end":{"line":18,"column":48}},"13":{"start":{"line":21,"column":0},"end":{"line":21,"column":29}},"14":{"start":{"line":22,"column":0},"end":{"line":22,"column":36}},"15":{"start":{"line":23,"column":0},"end":{"line":23,"column":42}},"16":{"start":{"line":24,"column":0},"end":{"line":24,"column":28}},"17":{"start":{"line":27,"column":0},"end":{"line":34,"column":3}},"18":{"start":{"line":28,"column":2},"end":{"line":33,"column":3}},"19":{"start":{"line":29,"column":4},"end":{"line":29,"column":33}},"20":{"start":{"line":30,"column":4},"end":{"line":30,"column":71}},"21":{"start":{"line":32,"column":4},"end":{"line":32,"column":66}},"22":{"start":{"line":37,"column":0},"end":{"line":37,"column":79}},"23":{"start":{"line":37,"column":27},"end":{"line":37,"column":77}},"24":{"start":{"line":40,"column":0},"end":{"line":43,"column":3}},"25":{"start":{"line":41,"column":22},"end":{"line":41,"column":84}},"26":{"start":{"line":42,"column":2},"end":{"line":42,"column":54}},"27":{"start":{"line":45,"column":0},"end":{"line":47,"column":3}},"28":{"start":{"line":46,"column":22},"end":{"line":46,"column":119}},"29":{"start":{"line":49,"column":0},"end":{"line":49,"column":21}},"30":{"start":{"line":56,"column":85},"end":{"line":56,"column":43804}},"31":{"start":{"line":56,"column":89},"end":{"line":56,"column":43776}},"32":{"start":{"line":56,"column":43786},"end":{"line":56,"column":43803}}},"fnMap":{"0":{"name":"(anonymous_0)","decl":{"start":{"line":27,"column":19},"end":{"line":27,"column":20}},"loc":{"start":{"line":27,"column":39},"end":{"line":34,"column":1}},"line":27},"1":{"name":"(anonymous_1)","decl":{"start":{"line":37,"column":13},"end":{"line":37,"column":14}},"loc":{"start":{"line":37,"column":27},"end":{"line":37,"column":77}},"line":37},"2":{"name":"(anonymous_2)","decl":{"start":{"line":40,"column":8},"end":{"line":40,"column":9}},"loc":{"start":{"line":40,"column":33},"end":{"line":43,"column":1}},"line":40},"3":{"name":"(anonymous_3)","decl":{"start":{"line":45,"column":17},"end":{"line":45,"column":18}},"loc":{"start":{"line":45,"column":23},"end":{"line":47,"column":1}},"line":45},"4":{"name":"oo_cm","decl":{"start":{"line":56,"column":77},"end":{"line":56,"column":82}},"loc":{"start":{"line":56,"column":84},"end":{"line":56,"column":43805}},"line":56}},"branchMap":{"0":{"loc":{"start":{"line":14,"column":13},"end":{"line":14,"column":37}},"type":"binary-expr","locations":[{"start":{"line":14,"column":13},"end":{"line":14,"column":29}},{"start":{"line":14,"column":33},"end":{"line":14,"column":37}}],"line":14},"1":{"loc":{"start":{"line":56,"column":96},"end":{"line":56,"column":43775}},"type":"binary-expr","locations":[{"start":{"line":56,"column":96},"end":{"line":56,"column":133}},{"start":{"line":56,"column":137},"end":{"line":56,"column":43775}}],"line":56}},"s":{"0":1,"1":1,"2":1,"3":1,"4":1,"5":1,"6":1,"7":1,"8":1,"9":1,"10":1,"11":1,"12":1,"13":1,"14":1,"15":1,"16":1,"17":1,"18":0,"19":0,"20":0,"21":0,"22":1,"23":0,"24":1,"25":0,"26":0,"27":1,"28":1,"29":1,"30":1,"31":1,"32":0},"f":{"0":0,"1":0,"2":0,"3":1,"4":1},"b":{"0":[1,0],"1":[1,1]},"_coverageSchema":"1a1c01bbd47fc00a2c39e90264f33305004495a9","hash":"b9998c145dbd0ad9398ae0f933a8ae827fc8c951"}
,"C:\\Users\\hp\\Desktop\\New folder\\Backend Project\\GripInvest-backend\\src\\config\\database.js": {"path":"C:\\Users\\hp\\Desktop\\New folder\\Backend Project\\GripInvest-backend\\src\\config\\database.js","statementMap":{"0":{"start":{"line":2,"column":14},"end":{"line":2,"column":39}},"1":{"start":{"line":3,"column":0},"end":{"line":3,"column":27}},"2":{"start":{"line":5,"column":13},"end":{"line":13,"column":2}},"3":{"start":{"line":16,"column":0},"end":{"line":19,"column":121}},"4":{"start":{"line":17,"column":22},"end":{"line":17,"column":91}},"5":{"start":{"line":18,"column":2},"end":{"line":18,"column":17}},"6":{"start":{"line":19,"column":36},"end":{"line":19,"column":119}},"7":{"start":{"line":21,"column":0},"end":{"line":21,"column":22}},"8":{"start":{"line":28,"column":85},"end":{"line":28,"column":43804}},"9":{"start":{"line":28,"column":89},"end":{"line":28,"column":43776}},"10":{"start":{"line":28,"column":43786},"end":{"line":28,"column":43803}}},"fnMap":{"0":{"name":"(anonymous_0)","decl":{"start":{"line":16,"column":26},"end":{"line":16,"column":27}},"loc":{"start":{"line":16,"column":34},"end":{"line":19,"column":1}},"line":16},"1":{"name":"(anonymous_1)","decl":{"start":{"line":19,"column":9},"end":{"line":19,"column":10}},"loc":{"start":{"line":19,"column":36},"end":{"line":19,"column":119}},"line":19},"2":{"name":"oo_cm","decl":{"start":{"line":28,"column":77},"end":{"line":28,"column":82}},"loc":{"start":{"line":28,"column":84},"end":{"line":28,"column":43805}},"line":28}},"branchMap":{"0":{"loc":{"start":{"line":6,"column":8},"end":{"line":6,"column":42}},"type":"binary-expr","locations":[{"start":{"line":6,"column":8},"end":{"line":6,"column":27}},{"start":{"line":6,"column":31},"end":{"line":6,"column":42}}],"line":6},"1":{"loc":{"start":{"line":7,"column":8},"end":{"line":7,"column":37}},"type":"binary-expr","locations":[{"start":{"line":7,"column":8},"end":{"line":7,"column":27}},{"start":{"line":7,"column":31},"end":{"line":7,"column":37}}],"line":7},"2":{"loc":{"start":{"line":8,"column":12},"end":{"line":8,"column":41}},"type":"binary-expr","locations":[{"start":{"line":8,"column":12},"end":{"line":8,"column":35}},{"start":{"line":8,"column":39},"end":{"line":8,"column":41}}],"line":8},"3":{"loc":{"start":{"line":28,"column":96},"end":{"line":28,"column":43775}},"type":"binary-expr","locations":[{"start":{"line":28,"column":96},"end":{"line":28,"column":133}},{"start":{"line":28,"column":137},"end":{"line":28,"column":43775}}],"line":28}},"s":{"0":1,"1":1,"2":1,"3":1,"4":1,"5":1,"6":0,"7":1,"8":1,"9":1,"10":0},"f":{"0":1,"1":0,"2":1},"b":{"0":[1,0],"1":[1,0],"2":[1,1],"3":[1,0]},"_coverageSchema":"1a1c01bbd47fc00a2c39e90264f33305004495a9","hash":"f553bcaef3bd2a5091784f28ff29174ad69d7548"}
,"C:\\Users\\hp\\Desktop\\New folder\\Backend Project\\GripInvest-backend\\src\\config\\jwt.js": {"path":"C:\\Users\\hp\\Desktop\\New folder\\Backend Project\\GripInvest-backend\\src\\config\\jwt.js","statementMap":{"0":{"start":{"line":2,"column":12},"end":{"line":2,"column":35}},"1":{"start":{"line":4,"column":15},"end":{"line":4,"column":74}},"2":{"start":{"line":5,"column":18},"end":{"line":5,"column":22}},"3":{"start":{"line":8,"column":26},"end":{"line":19,"column":1}},"4":{"start":{"line":9,"column":21},"end":{"line":9,"column":49}},"5":{"start":{"line":10,"column":16},"end":{"line":10,"column":54}},"6":{"start":{"line":12,"column":2},"end":{"line":12,"column":78}},"7":{"start":{"line":12,"column":14},"end":{"line":12,"column":78}},"8":{"start":{"line":14,"column":2},"end":{"line":18,"column":5}},"9":{"start":{"line":15,"column":4},"end":{"line":15,"column":69}},"10":{"start":{"line":15,"column":13},"end":{"line":15,"column":69}},"11":{"start":{"line":16,"column":4},"end":{"line":16,"column":20}},"12":{"start":{"line":17,"column":4},"end":{"line":17,"column":11}},"13":{"start":{"line":22,"column":16},"end":{"line":27,"column":1}},"14":{"start":{"line":23,"column":2},"end":{"line":25,"column":3}},"15":{"start":{"line":24,"column":4},"end":{"line":24,"column":68}},"16":{"start":{"line":26,"column":2},"end":{"line":26,"column":9}},"17":{"start":{"line":29,"column":0},"end":{"line":29,"column":108}},"18":{"start":{"line":29,"column":68},"end":{"line":29,"column":105}}},"fnMap":{"0":{"name":"(anonymous_0)","decl":{"start":{"line":8,"column":26},"end":{"line":8,"column":27}},"loc":{"start":{"line":8,"column":46},"end":{"line":19,"column":1}},"line":8},"1":{"name":"(anonymous_1)","decl":{"start":{"line":14,"column":28},"end":{"line":14,"column":29}},"loc":{"start":{"line":14,"column":43},"end":{"line":18,"column":3}},"line":14},"2":{"name":"(anonymous_2)","decl":{"start":{"line":22,"column":16},"end":{"line":22,"column":17}},"loc":{"start":{"line":22,"column":36},"end":{"line":27,"column":1}},"line":22},"3":{"name":"(anonymous_3)","decl":{"start":{"line":29,"column":58},"end":{"line":29,"column":59}},"loc":{"start":{"line":29,"column":68},"end":{"line":29,"column":105}},"line":29}},"branchMap":{"0":{"loc":{"start":{"line":4,"column":15},"end":{"line":4,"column":74}},"type":"binary-expr","locations":[{"start":{"line":4,"column":15},"end":{"line":4,"column":37}},{"start":{"line":4,"column":41},"end":{"line":4,"column":74}}],"line":4},"1":{"loc":{"start":{"line":10,"column":16},"end":{"line":10,"column":54}},"type":"binary-expr","locations":[{"start":{"line":10,"column":16},"end":{"line":10,"column":26}},{"start":{"line":10,"column":30},"end":{"line":10,"column":54}}],"line":10},"2":{"loc":{"start":{"line":12,"column":2},"end":{"line":12,"column":78}},"type":"if","locations":[{"start":{"line":12,"column":2},"end":{"line":12,"column":78}},{"start":{},"end":{}}],"line":12},"3":{"loc":{"start":{"line":15,"column":4},"end":{"line":15,"column":69}},"type":"if","locations":[{"start":{"line":15,"column":4},"end":{"line":15,"column":69}},{"start":{},"end":{}}],"line":15},"4":{"loc":{"start":{"line":23,"column":2},"end":{"line":25,"column":3}},"type":"if","locations":[{"start":{"line":23,"column":2},"end":{"line":25,"column":3}},{"start":{},"end":{}}],"line":23},"5":{"loc":{"start":{"line":23,"column":6},"end":{"line":23,"column":54}},"type":"binary-expr","locations":[{"start":{"line":23,"column":6},"end":{"line":23,"column":15}},{"start":{"line":23,"column":19},"end":{"line":23,"column":54}}],"line":23}},"s":{"0":1,"1":1,"2":1,"3":1,"4":0,"5":0,"6":0,"7":0,"8":0,"9":0,"10":0,"11":0,"12":0,"13":1,"14":0,"15":0,"16":0,"17":1,"18":1},"f":{"0":0,"1":0,"2":0,"3":1},"b":{"0":[1,0],"1":[0,0],"2":[0,0],"3":[0,0],"4":[0,0],"5":[0,0]},"_coverageSchema":"1a1c01bbd47fc00a2c39e90264f33305004495a9","hash":"7c6741d998085e97808b5b2427332bd15c631cc7"}
,"C:\\Users\\hp\\Desktop\\New folder\\Backend Project\\GripInvest-backend\\src\\controllers\\authController.js": {"path":"C:\\Users\\hp\\Desktop\\New folder\\Backend Project\\GripInvest-backend\\src\\controllers\\authController.js","statementMap":{"0":{"start":{"line":2,"column":22},"end":{"line":2,"column":46}},"1":{"start":{"line":3,"column":57},"end":{"line":3,"column":87}},"2":{"start":{"line":6,"column":28},"end":{"line":14,"column":1}},"3":{"start":{"line":7,"column":14},"end":{"line":7,"column":15}},"4":{"start":{"line":8,"column":2},"end":{"line":8,"column":36}},"5":{"start":{"line":8,"column":28},"end":{"line":8,"column":36}},"6":{"start":{"line":9,"column":2},"end":{"line":9,"column":38}},"7":{"start":{"line":9,"column":30},"end":{"line":9,"column":38}},"8":{"start":{"line":10,"column":2},"end":{"line":10,"column":38}},"9":{"start":{"line":10,"column":30},"end":{"line":10,"column":38}},"10":{"start":{"line":11,"column":2},"end":{"line":11,"column":45}},"11":{"start":{"line":11,"column":37},"end":{"line":11,"column":45}},"12":{"start":{"line":12,"column":19},"end":{"line":12,"column":87}},"13":{"start":{"line":13,"column":2},"end":{"line":13,"column":29}},"14":{"start":{"line":16,"column":15},"end":{"line":33,"column":1}},"15":{"start":{"line":17,"column":2},"end":{"line":32,"column":3}},"16":{"start":{"line":18,"column":38},"end":{"line":18,"column":46}},"17":{"start":{"line":19,"column":21},"end":{"line":19,"column":50}},"18":{"start":{"line":20,"column":4},"end":{"line":20,"column":98}},"19":{"start":{"line":20,"column":28},"end":{"line":20,"column":98}},"20":{"start":{"line":22,"column":25},"end":{"line":22,"column":62}},"21":{"start":{"line":23,"column":4},"end":{"line":23,"column":77}},"22":{"start":{"line":23,"column":22},"end":{"line":23,"column":77}},"23":{"start":{"line":25,"column":19},"end":{"line":25,"column":62}},"24":{"start":{"line":26,"column":17},"end":{"line":26,"column":54}},"25":{"start":{"line":27,"column":18},"end":{"line":27,"column":63}},"26":{"start":{"line":29,"column":4},"end":{"line":29,"column":88}},"27":{"start":{"line":31,"column":4},"end":{"line":31,"column":49}},"28":{"start":{"line":35,"column":14},"end":{"line":47,"column":1}},"29":{"start":{"line":36,"column":2},"end":{"line":46,"column":3}},"30":{"start":{"line":37,"column":32},"end":{"line":37,"column":40}},"31":{"start":{"line":38,"column":17},"end":{"line":38,"column":45}},"32":{"start":{"line":39,"column":4},"end":{"line":41,"column":5}},"33":{"start":{"line":40,"column":6},"end":{"line":40,"column":68}},"34":{"start":{"line":42,"column":18},"end":{"line":42,"column":63}},"35":{"start":{"line":43,"column":4},"end":{"line":43,"column":66}},"36":{"start":{"line":45,"column":4},"end":{"line":45,"column":49}},"37":{"start":{"line":50,"column":22},"end":{"line":53,"column":1}},"38":{"start":{"line":52,"column":2},"end":{"line":52,"column":54}},"39":{"start":{"line":55,"column":0},"end":{"line":55,"column":50}}},"fnMap":{"0":{"name":"(anonymous_0)","decl":{"start":{"line":6,"column":28},"end":{"line":6,"column":29}},"loc":{"start":{"line":6,"column":42},"end":{"line":14,"column":1}},"line":6},"1":{"name":"(anonymous_1)","decl":{"start":{"line":16,"column":15},"end":{"line":16,"column":16}},"loc":{"start":{"line":16,"column":35},"end":{"line":33,"column":1}},"line":16},"2":{"name":"(anonymous_2)","decl":{"start":{"line":35,"column":14},"end":{"line":35,"column":15}},"loc":{"start":{"line":35,"column":34},"end":{"line":47,"column":1}},"line":35},"3":{"name":"(anonymous_3)","decl":{"start":{"line":50,"column":22},"end":{"line":50,"column":23}},"loc":{"start":{"line":50,"column":42},"end":{"line":53,"column":1}},"line":50}},"branchMap":{"0":{"loc":{"start":{"line":8,"column":2},"end":{"line":8,"column":36}},"type":"if","locations":[{"start":{"line":8,"column":2},"end":{"line":8,"column":36}},{"start":{},"end":{}}],"line":8},"1":{"loc":{"start":{"line":9,"column":2},"end":{"line":9,"column":38}},"type":"if","locations":[{"start":{"line":9,"column":2},"end":{"line":9,"column":38}},{"start":{},"end":{}}],"line":9},"2":{"loc":{"start":{"line":10,"column":2},"end":{"line":10,"column":38}},"type":"if","locations":[{"start":{"line":10,"column":2},"end":{"line":10,"column":38}},{"start":{},"end":{}}],"line":10},"3":{"loc":{"start":{"line":11,"column":2},"end":{"line":11,"column":45}},"type":"if","locations":[{"start":{"line":11,"column":2},"end":{"line":11,"column":45}},{"start":{},"end":{}}],"line":11},"4":{"loc":{"start":{"line":12,"column":19},"end":{"line":12,"column":87}},"type":"cond-expr","locations":[{"start":{"line":12,"column":31},"end":{"line":12,"column":75}},{"start":{"line":12,"column":78},"end":{"line":12,"column":87}}],"line":12},"5":{"loc":{"start":{"line":20,"column":4},"end":{"line":20,"column":98}},"type":"if","locations":[{"start":{"line":20,"column":4},"end":{"line":20,"column":98}},{"start":{},"end":{}}],"line":20},"6":{"loc":{"start":{"line":23,"column":4},"end":{"line":23,"column":77}},"type":"if","locations":[{"start":{"line":23,"column":4},"end":{"line":23,"column":77}},{"start":{},"end":{}}],"line":23},"7":{"loc":{"start":{"line":39,"column":4},"end":{"line":41,"column":5}},"type":"if","locations":[{"start":{"line":39,"column":4},"end":{"line":41,"column":5}},{"start":{},"end":{}}],"line":39},"8":{"loc":{"start":{"line":39,"column":8},"end":{"line":39,"column":71}},"type":"binary-expr","locations":[{"start":{"line":39,"column":8},"end":{"line":39,"column":13}},{"start":{"line":39,"column":17},"end":{"line":39,"column":71}}],"line":39}},"s":{"0":1,"1":1,"2":1,"3":1,"4":1,"5":1,"6":1,"7":1,"8":1,"9":1,"10":1,"11":1,"12":1,"13":1,"14":1,"15":1,"16":1,"17":1,"18":1,"19":0,"20":1,"21":1,"22":0,"23":1,"24":0,"25":0,"26":0,"27":1,"28":1,"29":2,"30":2,"31":2,"32":2,"33":1,"34":1,"35":1,"36":0,"37":1,"38":0,"39":1},"f":{"0":1,"1":1,"2":2,"3":0},"b":{"0":[1,0],"1":[1,0],"2":[1,0],"3":[1,0],"4":[0,1],"5":[0,1],"6":[0,1],"7":[1,1],"8":[2,2]},"_coverageSchema":"1a1c01bbd47fc00a2c39e90264f33305004495a9","hash":"05cdb35d1ec7bd067df90800e5f6176f8d7550a3"}
,"C:\\Users\\hp\\Desktop\\New folder\\Backend Project\\GripInvest-backend\\src\\controllers\\investmentController.js": {"path":"C:\\Users\\hp\\Desktop\\New folder\\Backend Project\\GripInvest-backend\\src\\controllers\\investmentController.js","statementMap":{"0":{"start":{"line":2,"column":47},"end":{"line":2,"column":83}},"1":{"start":{"line":3,"column":27},"end":{"line":3,"column":60}},"2":{"start":{"line":5,"column":15},"end":{"line":12,"column":1}},"3":{"start":{"line":6,"column":2},"end":{"line":11,"column":3}},"4":{"start":{"line":7,"column":25},"end":{"line":7,"column":70}},"5":{"start":{"line":8,"column":4},"end":{"line":8,"column":47}},"6":{"start":{"line":10,"column":4},"end":{"line":10,"column":49}},"7":{"start":{"line":14,"column":18},"end":{"line":21,"column":1}},"8":{"start":{"line":15,"column":2},"end":{"line":20,"column":3}},"9":{"start":{"line":16,"column":22},"end":{"line":16,"column":57}},"10":{"start":{"line":17,"column":4},"end":{"line":17,"column":24}},"11":{"start":{"line":19,"column":4},"end":{"line":19,"column":49}},"12":{"start":{"line":23,"column":0},"end":{"line":23,"column":39}}},"fnMap":{"0":{"name":"(anonymous_0)","decl":{"start":{"line":5,"column":15},"end":{"line":5,"column":16}},"loc":{"start":{"line":5,"column":35},"end":{"line":12,"column":1}},"line":5},"1":{"name":"(anonymous_1)","decl":{"start":{"line":14,"column":18},"end":{"line":14,"column":19}},"loc":{"start":{"line":14,"column":38},"end":{"line":21,"column":1}},"line":14}},"branchMap":{},"s":{"0":1,"1":1,"2":1,"3":0,"4":0,"5":0,"6":0,"7":1,"8":0,"9":0,"10":0,"11":0,"12":1},"f":{"0":0,"1":0},"b":{},"_coverageSchema":"1a1c01bbd47fc00a2c39e90264f33305004495a9","hash":"4aeb9cc9bdffc44bbd23c0d089507e8980c4fcd8"}
,"C:\\Users\\hp\\Desktop\\New folder\\Backend Project\\GripInvest-backend\\src\\controllers\\logController.js": {"path":"C:\\Users\\hp\\Desktop\\New folder\\Backend Project\\GripInvest-backend\\src\\controllers\\logController.js","statementMap":{"0":{"start":{"line":2,"column":26},"end":{"line":2,"column":55}},"1":{"start":{"line":4,"column":16},"end":{"line":13,"column":1}},"2":{"start":{"line":5,"column":2},"end":{"line":12,"column":3}},"3":{"start":{"line":6,"column":23},"end":{"line":6,"column":32}},"4":{"start":{"line":7,"column":4},"end":{"line":7,"column":75}},"5":{"start":{"line":7,"column":17},"end":{"line":7,"column":75}},"6":{"start":{"line":8,"column":17},"end":{"line":8,"column":44}},"7":{"start":{"line":9,"column":4},"end":{"line":9,"column":19}},"8":{"start":{"line":11,"column":4},"end":{"line":11,"column":49}},"9":{"start":{"line":15,"column":0},"end":{"line":15,"column":29}}},"fnMap":{"0":{"name":"(anonymous_0)","decl":{"start":{"line":4,"column":16},"end":{"line":4,"column":17}},"loc":{"start":{"line":4,"column":36},"end":{"line":13,"column":1}},"line":4}},"branchMap":{"0":{"loc":{"start":{"line":7,"column":4},"end":{"line":7,"column":75}},"type":"if","locations":[{"start":{"line":7,"column":4},"end":{"line":7,"column":75}},{"start":{},"end":{}}],"line":7}},"s":{"0":1,"1":1,"2":0,"3":0,"4":0,"5":0,"6":0,"7":0,"8":0,"9":1},"f":{"0":0},"b":{"0":[0,0]},"_coverageSchema":"1a1c01bbd47fc00a2c39e90264f33305004495a9","hash":"73680d5194decd075cdb81eb45c80a3ec71f2863"}
,"C:\\Users\\hp\\Desktop\\New folder\\Backend Project\\GripInvest-backend\\src\\controllers\\productController.js": {"path":"C:\\Users\\hp\\Desktop\\New folder\\Backend Project\\GripInvest-backend\\src\\controllers\\productController.js","statementMap":{"0":{"start":{"line":2,"column":107},"end":{"line":2,"column":140}},"1":{"start":{"line":4,"column":15},"end":{"line":11,"column":1}},"2":{"start":{"line":5,"column":2},"end":{"line":10,"column":3}},"3":{"start":{"line":6,"column":15},"end":{"line":6,"column":77}},"4":{"start":{"line":7,"column":4},"end":{"line":7,"column":33}},"5":{"start":{"line":9,"column":4},"end":{"line":9,"column":49}},"6":{"start":{"line":13,"column":13},"end":{"line":21,"column":1}},"7":{"start":{"line":14,"column":2},"end":{"line":20,"column":3}},"8":{"start":{"line":15,"column":21},"end":{"line":15,"column":43}},"9":{"start":{"line":16,"column":17},"end":{"line":16,"column":74}},"10":{"start":{"line":17,"column":4},"end":{"line":17,"column":50}},"11":{"start":{"line":19,"column":4},"end":{"line":19,"column":49}},"12":{"start":{"line":23,"column":15},"end":{"line":31,"column":1}},"13":{"start":{"line":24,"column":2},"end":{"line":30,"column":3}},"14":{"start":{"line":25,"column":20},"end":{"line":25,"column":55}},"15":{"start":{"line":26,"column":4},"end":{"line":26,"column":70}},"16":{"start":{"line":26,"column":18},"end":{"line":26,"column":70}},"17":{"start":{"line":27,"column":4},"end":{"line":27,"column":22}},"18":{"start":{"line":29,"column":4},"end":{"line":29,"column":49}},"19":{"start":{"line":33,"column":15},"end":{"line":40,"column":1}},"20":{"start":{"line":34,"column":2},"end":{"line":39,"column":3}},"21":{"start":{"line":35,"column":4},"end":{"line":35,"column":71}},"22":{"start":{"line":36,"column":4},"end":{"line":36,"column":37}},"23":{"start":{"line":38,"column":4},"end":{"line":38,"column":49}},"24":{"start":{"line":42,"column":15},"end":{"line":49,"column":1}},"25":{"start":{"line":43,"column":2},"end":{"line":48,"column":3}},"26":{"start":{"line":44,"column":4},"end":{"line":44,"column":39}},"27":{"start":{"line":45,"column":4},"end":{"line":45,"column":37}},"28":{"start":{"line":47,"column":4},"end":{"line":47,"column":49}},"29":{"start":{"line":51,"column":0},"end":{"line":51,"column":58}}},"fnMap":{"0":{"name":"(anonymous_0)","decl":{"start":{"line":4,"column":15},"end":{"line":4,"column":16}},"loc":{"start":{"line":4,"column":35},"end":{"line":11,"column":1}},"line":4},"1":{"name":"(anonymous_1)","decl":{"start":{"line":13,"column":13},"end":{"line":13,"column":14}},"loc":{"start":{"line":13,"column":33},"end":{"line":21,"column":1}},"line":13},"2":{"name":"(anonymous_2)","decl":{"start":{"line":23,"column":15},"end":{"line":23,"column":16}},"loc":{"start":{"line":23,"column":35},"end":{"line":31,"column":1}},"line":23},"3":{"name":"(anonymous_3)","decl":{"start":{"line":33,"column":15},"end":{"line":33,"column":16}},"loc":{"start":{"line":33,"column":35},"end":{"line":40,"column":1}},"line":33},"4":{"name":"(anonymous_4)","decl":{"start":{"line":42,"column":15},"end":{"line":42,"column":16}},"loc":{"start":{"line":42,"column":35},"end":{"line":49,"column":1}},"line":42}},"branchMap":{"0":{"loc":{"start":{"line":16,"column":45},"end":{"line":16,"column":73}},"type":"binary-expr","locations":[{"start":{"line":16,"column":45},"end":{"line":16,"column":59}},{"start":{"line":16,"column":63},"end":{"line":16,"column":73}}],"line":16},"1":{"loc":{"start":{"line":26,"column":4},"end":{"line":26,"column":70}},"type":"if","locations":[{"start":{"line":26,"column":4},"end":{"line":26,"column":70}},{"start":{},"end":{}}],"line":26}},"s":{"0":1,"1":1,"2":0,"3":0,"4":0,"5":0,"6":1,"7":0,"8":0,"9":0,"10":0,"11":0,"12":1,"13":0,"14":0,"15":0,"16":0,"17":0,"18":0,"19":1,"20":0,"21":0,"22":0,"23":0,"24":1,"25":0,"26":0,"27":0,"28":0,"29":1},"f":{"0":0,"1":0,"2":0,"3":0,"4":0},"b":{"0":[0,0],"1":[0,0]},"_coverageSchema":"1a1c01bbd47fc00a2c39e90264f33305004495a9","hash":"f383dddd87b539d5f5bf5b2fb65f15082a32ce22"}
,"C:\\Users\\hp\\Desktop\\New folder\\Backend Project\\GripInvest-backend\\src\\middleware\\logger.js": {"path":"C:\\Users\\hp\\Desktop\\New folder\\Backend Project\\GripInvest-backend\\src\\middleware\\logger.js","statementMap":{"0":{"start":{"line":2,"column":13},"end":{"line":2,"column":42}},"1":{"start":{"line":4,"column":23},"end":{"line":28,"column":1}},"2":{"start":{"line":5,"column":27},"end":{"line":5,"column":30}},"3":{"start":{"line":6,"column":17},"end":{"line":6,"column":37}},"4":{"start":{"line":7,"column":16},"end":{"line":7,"column":57}},"5":{"start":{"line":8,"column":20},"end":{"line":8,"column":30}},"6":{"start":{"line":11,"column":23},"end":{"line":11,"column":31}},"7":{"start":{"line":12,"column":2},"end":{"line":25,"column":4}},"8":{"start":{"line":13,"column":23},"end":{"line":13,"column":37}},"9":{"start":{"line":14,"column":25},"end":{"line":14,"column":83}},"10":{"start":{"line":15,"column":20},"end":{"line":15,"column":30}},"11":{"start":{"line":16,"column":21},"end":{"line":16,"column":40}},"12":{"start":{"line":19,"column":4},"end":{"line":22,"column":111}},"13":{"start":{"line":22,"column":39},"end":{"line":22,"column":109}},"14":{"start":{"line":24,"column":4},"end":{"line":24,"column":41}},"15":{"start":{"line":27,"column":2},"end":{"line":27,"column":9}},"16":{"start":{"line":30,"column":0},"end":{"line":30,"column":32}},"17":{"start":{"line":37,"column":85},"end":{"line":37,"column":43804}},"18":{"start":{"line":37,"column":89},"end":{"line":37,"column":43776}},"19":{"start":{"line":37,"column":43786},"end":{"line":37,"column":43803}}},"fnMap":{"0":{"name":"(anonymous_0)","decl":{"start":{"line":4,"column":23},"end":{"line":4,"column":24}},"loc":{"start":{"line":4,"column":49},"end":{"line":28,"column":1}},"line":4},"1":{"name":"(anonymous_1)","decl":{"start":{"line":12,"column":13},"end":{"line":12,"column":14}},"loc":{"start":{"line":12,"column":29},"end":{"line":25,"column":3}},"line":12},"2":{"name":"(anonymous_2)","decl":{"start":{"line":22,"column":12},"end":{"line":22,"column":13}},"loc":{"start":{"line":22,"column":39},"end":{"line":22,"column":109}},"line":22},"3":{"name":"oo_cm","decl":{"start":{"line":37,"column":77},"end":{"line":37,"column":82}},"loc":{"start":{"line":37,"column":84},"end":{"line":37,"column":43805}},"line":37}},"branchMap":{"0":{"loc":{"start":{"line":6,"column":17},"end":{"line":6,"column":37}},"type":"binary-expr","locations":[{"start":{"line":6,"column":17},"end":{"line":6,"column":29}},{"start":{"line":6,"column":33},"end":{"line":6,"column":37}}],"line":6},"1":{"loc":{"start":{"line":7,"column":16},"end":{"line":7,"column":57}},"type":"binary-expr","locations":[{"start":{"line":7,"column":16},"end":{"line":7,"column":31}},{"start":{"line":7,"column":35},"end":{"line":7,"column":49}},{"start":{"line":7,"column":53},"end":{"line":7,"column":57}}],"line":7},"2":{"loc":{"start":{"line":14,"column":25},"end":{"line":14,"column":83}},"type":"cond-expr","locations":[{"start":{"line":14,"column":46},"end":{"line":14,"column":75}},{"start":{"line":14,"column":79},"end":{"line":14,"column":83}}],"line":14},"3":{"loc":{"start":{"line":14,"column":46},"end":{"line":14,"column":75}},"type":"binary-expr","locations":[{"start":{"line":14,"column":46},"end":{"line":14,"column":56}},{"start":{"line":14,"column":60},"end":{"line":14,"column":75}}],"line":14},"4":{"loc":{"start":{"line":37,"column":96},"end":{"line":37,"column":43775}},"type":"binary-expr","locations":[{"start":{"line":37,"column":96},"end":{"line":37,"column":133}},{"start":{"line":37,"column":137},"end":{"line":37,"column":43775}}],"line":37}},"s":{"0":1,"1":1,"2":0,"3":0,"4":0,"5":0,"6":0,"7":0,"8":0,"9":0,"10":0,"11":0,"12":0,"13":0,"14":0,"15":0,"16":1,"17":0,"18":0,"19":0},"f":{"0":0,"1":0,"2":0,"3":0},"b":{"0":[0,0],"1":[0,0,0],"2":[0,0],"3":[0,0],"4":[0,0]},"_coverageSchema":"1a1c01bbd47fc00a2c39e90264f33305004495a9","hash":"155fa37376d4686a695f55f46afac21664228025"}
,"C:\\Users\\hp\\Desktop\\New folder\\Backend Project\\GripInvest-backend\\src\\middleware\\validator.js": {"path":"C:\\Users\\hp\\Desktop\\New folder\\Backend Project\\GripInvest-backend\\src\\middleware\\validator.js","statementMap":{"0":{"start":{"line":2,"column":12},"end":{"line":2,"column":26}},"1":{"start":{"line":4,"column":17},"end":{"line":8,"column":1}},"2":{"start":{"line":4,"column":29},"end":{"line":8,"column":1}},"3":{"start":{"line":5,"column":20},"end":{"line":5,"column":45}},"4":{"start":{"line":6,"column":2},"end":{"line":6,"column":78}},"5":{"start":{"line":6,"column":13},"end":{"line":6,"column":78}},"6":{"start":{"line":7,"column":2},"end":{"line":7,"column":9}},"7":{"start":{"line":10,"column":21},"end":{"line":16,"column":2}},"8":{"start":{"line":18,"column":22},"end":{"line":27,"column":2}},"9":{"start":{"line":29,"column":25},"end":{"line":32,"column":2}},"10":{"start":{"line":34,"column":0},"end":{"line":34,"column":77}}},"fnMap":{"0":{"name":"(anonymous_0)","decl":{"start":{"line":4,"column":17},"end":{"line":4,"column":18}},"loc":{"start":{"line":4,"column":29},"end":{"line":8,"column":1}},"line":4},"1":{"name":"(anonymous_1)","decl":{"start":{"line":4,"column":29},"end":{"line":4,"column":30}},"loc":{"start":{"line":4,"column":49},"end":{"line":8,"column":1}},"line":4}},"branchMap":{"0":{"loc":{"start":{"line":6,"column":2},"end":{"line":6,"column":78}},"type":"if","locations":[{"start":{"line":6,"column":2},"end":{"line":6,"column":78}},{"start":{},"end":{}}],"line":6}},"s":{"0":1,"1":1,"2":4,"3":1,"4":1,"5":0,"6":1,"7":1,"8":1,"9":1,"10":1},"f":{"0":4,"1":1},"b":{"0":[0,1]},"_coverageSchema":"1a1c01bbd47fc00a2c39e90264f33305004495a9","hash":"eed45dc78112b28992d0b7af4132fd91a1763d7d"}
,"C:\\Users\\hp\\Desktop\\New folder\\Backend Project\\GripInvest-backend\\src\\models\\investmentModel.js": {"path":"C:\\Users\\hp\\Desktop\\New folder\\Backend Project\\GripInvest-backend\\src\\models\\investmentModel.js","statementMap":{"0":{"start":{"line":2,"column":13},"end":{"line":2,"column":42}},"1":{"start":{"line":5,"column":23},"end":{"line":5,"column":50}},"2":{"start":{"line":5,"column":41},"end":{"line":5,"column":50}},"3":{"start":{"line":8,"column":25},"end":{"line":20,"column":1}},"4":{"start":{"line":9,"column":16},"end":{"line":9,"column":69}},"5":{"start":{"line":9,"column":49},"end":{"line":9,"column":65}},"6":{"start":{"line":10,"column":19},"end":{"line":13,"column":8}},"7":{"start":{"line":11,"column":4},"end":{"line":11,"column":66}},"8":{"start":{"line":12,"column":4},"end":{"line":12,"column":15}},"9":{"start":{"line":14,"column":2},"end":{"line":19,"column":4}},"10":{"start":{"line":17,"column":68},"end":{"line":17,"column":104}},"11":{"start":{"line":22,"column":25},"end":{"line":40,"column":1}},"12":{"start":{"line":23,"column":18},"end":{"line":23,"column":91}},"13":{"start":{"line":24,"column":2},"end":{"line":24,"column":53}},"14":{"start":{"line":24,"column":16},"end":{"line":24,"column":53}},"15":{"start":{"line":25,"column":2},"end":{"line":27,"column":3}},"16":{"start":{"line":26,"column":4},"end":{"line":26,"column":43}},"17":{"start":{"line":28,"column":18},"end":{"line":28,"column":46}},"18":{"start":{"line":29,"column":2},"end":{"line":29,"column":79}},"19":{"start":{"line":29,"column":39},"end":{"line":29,"column":79}},"20":{"start":{"line":31,"column":25},"end":{"line":31,"column":108}},"21":{"start":{"line":32,"column":23},"end":{"line":32,"column":33}},"22":{"start":{"line":33,"column":2},"end":{"line":33,"column":73}},"23":{"start":{"line":35,"column":19},"end":{"line":38,"column":3}},"24":{"start":{"line":39,"column":2},"end":{"line":39,"column":25}},"25":{"start":{"line":42,"column":25},"end":{"line":50,"column":1}},"26":{"start":{"line":43,"column":17},"end":{"line":48,"column":14}},"27":{"start":{"line":49,"column":2},"end":{"line":49,"column":65}},"28":{"start":{"line":52,"column":0},"end":{"line":52,"column":56}}},"fnMap":{"0":{"name":"(anonymous_0)","decl":{"start":{"line":5,"column":23},"end":{"line":5,"column":24}},"loc":{"start":{"line":5,"column":41},"end":{"line":5,"column":50}},"line":5},"1":{"name":"(anonymous_1)","decl":{"start":{"line":8,"column":25},"end":{"line":8,"column":26}},"loc":{"start":{"line":8,"column":42},"end":{"line":20,"column":1}},"line":8},"2":{"name":"(anonymous_2)","decl":{"start":{"line":9,"column":35},"end":{"line":9,"column":36}},"loc":{"start":{"line":9,"column":49},"end":{"line":9,"column":65}},"line":9},"3":{"name":"(anonymous_3)","decl":{"start":{"line":10,"column":38},"end":{"line":10,"column":39}},"loc":{"start":{"line":10,"column":52},"end":{"line":13,"column":3}},"line":10},"4":{"name":"(anonymous_4)","decl":{"start":{"line":17,"column":54},"end":{"line":17,"column":55}},"loc":{"start":{"line":17,"column":68},"end":{"line":17,"column":104}},"line":17},"5":{"name":"(anonymous_5)","decl":{"start":{"line":22,"column":25},"end":{"line":22,"column":26}},"loc":{"start":{"line":22,"column":59},"end":{"line":40,"column":1}},"line":22},"6":{"name":"(anonymous_6)","decl":{"start":{"line":42,"column":25},"end":{"line":42,"column":26}},"loc":{"start":{"line":42,"column":43},"end":{"line":50,"column":1}},"line":42}},"branchMap":{"0":{"loc":{"start":{"line":11,"column":27},"end":{"line":11,"column":51}},"type":"binary-expr","locations":[{"start":{"line":11,"column":27},"end":{"line":11,"column":46}},{"start":{"line":11,"column":50},"end":{"line":11,"column":51}}],"line":11},"1":{"loc":{"start":{"line":17,"column":14},"end":{"line":17,"column":120}},"type":"cond-expr","locations":[{"start":{"line":17,"column":35},"end":{"line":17,"column":116}},{"start":{"line":17,"column":119},"end":{"line":17,"column":120}}],"line":17},"2":{"loc":{"start":{"line":18,"column":16},"end":{"line":18,"column":76}},"type":"cond-expr","locations":[{"start":{"line":18,"column":32},"end":{"line":18,"column":49}},{"start":{"line":18,"column":52},"end":{"line":18,"column":76}}],"line":18},"3":{"loc":{"start":{"line":24,"column":2},"end":{"line":24,"column":53}},"type":"if","locations":[{"start":{"line":24,"column":2},"end":{"line":24,"column":53}},{"start":{},"end":{}}],"line":24},"4":{"loc":{"start":{"line":25,"column":2},"end":{"line":27,"column":3}},"type":"if","locations":[{"start":{"line":25,"column":2},"end":{"line":27,"column":3}},{"start":{},"end":{}}],"line":25},"5":{"loc":{"start":{"line":25,"column":6},"end":{"line":25,"column":130}},"type":"binary-expr","locations":[{"start":{"line":25,"column":6},"end":{"line":25,"column":52}},{"start":{"line":25,"column":57},"end":{"line":25,"column":79}},{"start":{"line":25,"column":83},"end":{"line":25,"column":129}}],"line":25},"6":{"loc":{"start":{"line":29,"column":2},"end":{"line":29,"column":79}},"type":"if","locations":[{"start":{"line":29,"column":2},"end":{"line":29,"column":79}},{"start":{},"end":{}}],"line":29}},"s":{"0":1,"1":1,"2":0,"3":1,"4":0,"5":0,"6":0,"7":0,"8":0,"9":0,"10":0,"11":1,"12":0,"13":0,"14":0,"15":0,"16":0,"17":0,"18":0,"19":0,"20":0,"21":0,"22":0,"23":0,"24":0,"25":1,"26":0,"27":0,"28":1},"f":{"0":0,"1":0,"2":0,"3":0,"4":0,"5":0,"6":0},"b":{"0":[0,0],"1":[0,0],"2":[0,0],"3":[0,0],"4":[0,0],"5":[0,0,0],"6":[0,0]},"_coverageSchema":"1a1c01bbd47fc00a2c39e90264f33305004495a9","hash":"b0792ff82539e696de3a6a8361cd9c4d7b854767"}
,"C:\\Users\\hp\\Desktop\\New folder\\Backend Project\\GripInvest-backend\\src\\models\\logModel.js": {"path":"C:\\Users\\hp\\Desktop\\New folder\\Backend Project\\GripInvest-backend\\src\\models\\logModel.js","statementMap":{"0":{"start":{"line":2,"column":13},"end":{"line":2,"column":42}},"1":{"start":{"line":5,"column":24},"end":{"line":12,"column":1}},"2":{"start":{"line":6,"column":17},"end":{"line":10,"column":8}},"3":{"start":{"line":6,"column":36},"end":{"line":6,"column":53}},"4":{"start":{"line":7,"column":17},"end":{"line":7,"column":76}},"5":{"start":{"line":8,"column":4},"end":{"line":8,"column":37}},"6":{"start":{"line":9,"column":4},"end":{"line":9,"column":15}},"7":{"start":{"line":11,"column":2},"end":{"line":11,"column":142}},"8":{"start":{"line":14,"column":22},"end":{"line":20,"column":1}},"9":{"start":{"line":15,"column":17},"end":{"line":18,"column":3}},"10":{"start":{"line":19,"column":2},"end":{"line":19,"column":56}},"11":{"start":{"line":22,"column":0},"end":{"line":22,"column":35}}},"fnMap":{"0":{"name":"(anonymous_0)","decl":{"start":{"line":5,"column":24},"end":{"line":5,"column":25}},"loc":{"start":{"line":5,"column":34},"end":{"line":12,"column":1}},"line":5},"1":{"name":"(anonymous_1)","decl":{"start":{"line":6,"column":29},"end":{"line":6,"column":30}},"loc":{"start":{"line":6,"column":36},"end":{"line":6,"column":53}},"line":6},"2":{"name":"(anonymous_2)","decl":{"start":{"line":6,"column":62},"end":{"line":6,"column":63}},"loc":{"start":{"line":6,"column":76},"end":{"line":10,"column":3}},"line":6},"3":{"name":"(anonymous_3)","decl":{"start":{"line":14,"column":22},"end":{"line":14,"column":23}},"loc":{"start":{"line":14,"column":47},"end":{"line":20,"column":1}},"line":14}},"branchMap":{"0":{"loc":{"start":{"line":7,"column":17},"end":{"line":7,"column":76}},"type":"cond-expr","locations":[{"start":{"line":7,"column":57},"end":{"line":7,"column":66}},{"start":{"line":7,"column":69},"end":{"line":7,"column":76}}],"line":7},"1":{"loc":{"start":{"line":8,"column":17},"end":{"line":8,"column":31}},"type":"binary-expr","locations":[{"start":{"line":8,"column":17},"end":{"line":8,"column":26}},{"start":{"line":8,"column":30},"end":{"line":8,"column":31}}],"line":8},"2":{"loc":{"start":{"line":11,"column":60},"end":{"line":11,"column":139}},"type":"cond-expr","locations":[{"start":{"line":11,"column":93},"end":{"line":11,"column":125}},{"start":{"line":11,"column":128},"end":{"line":11,"column":139}}],"line":11}},"s":{"0":1,"1":1,"2":0,"3":0,"4":0,"5":0,"6":0,"7":0,"8":1,"9":0,"10":0,"11":1},"f":{"0":0,"1":0,"2":0,"3":0},"b":{"0":[0,0],"1":[0,0],"2":[0,0]},"_coverageSchema":"1a1c01bbd47fc00a2c39e90264f33305004495a9","hash":"8243701422fdd65f1a730a92b3a7812c9e765aae"}
,"C:\\Users\\hp\\Desktop\\New folder\\Backend Project\\GripInvest-backend\\src\\models\\productModel.js": {"path":"C:\\Users\\hp\\Desktop\\New folder\\Backend Project\\GripInvest-backend\\src\\models\\productModel.js","statementMap":{"0":{"start":{"line":2,"column":13},"end":{"line":2,"column":42}},"1":{"start":{"line":5,"column":28},"end":{"line":8,"column":1}},"2":{"start":{"line":6,"column":16},"end":{"line":6,"column":125}},"3":{"start":{"line":7,"column":2},"end":{"line":7,"column":166}},"4":{"start":{"line":11,"column":26},"end":{"line":16,"column":1}},"5":{"start":{"line":12,"column":2},"end":{"line":15,"column":17}},"6":{"start":{"line":13,"column":17},"end":{"line":13,"column":42}},"7":{"start":{"line":14,"column":20},"end":{"line":14,"column":51}},"8":{"start":{"line":18,"column":22},"end":{"line":25,"column":1}},"9":{"start":{"line":19,"column":2},"end":{"line":19,"column":61}},"10":{"start":{"line":20,"column":19},"end":{"line":23,"column":3}},"11":{"start":{"line":24,"column":2},"end":{"line":24,"column":25}},"12":{"start":{"line":27,"column":23},"end":{"line":30,"column":1}},"13":{"start":{"line":28,"column":17},"end":{"line":28,"column":72}},"14":{"start":{"line":29,"column":2},"end":{"line":29,"column":14}},"15":{"start":{"line":32,"column":23},"end":{"line":35,"column":1}},"16":{"start":{"line":33,"column":17},"end":{"line":33,"column":91}},"17":{"start":{"line":34,"column":2},"end":{"line":34,"column":17}},"18":{"start":{"line":37,"column":22},"end":{"line":40,"column":1}},"19":{"start":{"line":38,"column":2},"end":{"line":38,"column":92}},"20":{"start":{"line":38,"column":41},"end":{"line":38,"column":92}},"21":{"start":{"line":39,"column":2},"end":{"line":39,"column":85}},"22":{"start":{"line":42,"column":22},"end":{"line":44,"column":1}},"23":{"start":{"line":43,"column":2},"end":{"line":43,"column":75}},"24":{"start":{"line":46,"column":0},"end":{"line":46,"column":116}}},"fnMap":{"0":{"name":"(anonymous_0)","decl":{"start":{"line":5,"column":28},"end":{"line":5,"column":29}},"loc":{"start":{"line":5,"column":41},"end":{"line":8,"column":1}},"line":5},"1":{"name":"(anonymous_1)","decl":{"start":{"line":11,"column":26},"end":{"line":11,"column":27}},"loc":{"start":{"line":11,"column":50},"end":{"line":16,"column":1}},"line":11},"2":{"name":"(anonymous_2)","decl":{"start":{"line":13,"column":12},"end":{"line":13,"column":13}},"loc":{"start":{"line":13,"column":17},"end":{"line":13,"column":42}},"line":13},"3":{"name":"(anonymous_3)","decl":{"start":{"line":14,"column":10},"end":{"line":14,"column":11}},"loc":{"start":{"line":14,"column":20},"end":{"line":14,"column":51}},"line":14},"4":{"name":"(anonymous_4)","decl":{"start":{"line":18,"column":22},"end":{"line":18,"column":23}},"loc":{"start":{"line":18,"column":45},"end":{"line":25,"column":1}},"line":18},"5":{"name":"(anonymous_5)","decl":{"start":{"line":27,"column":23},"end":{"line":27,"column":24}},"loc":{"start":{"line":27,"column":35},"end":{"line":30,"column":1}},"line":27},"6":{"name":"(anonymous_6)","decl":{"start":{"line":32,"column":23},"end":{"line":32,"column":24}},"loc":{"start":{"line":32,"column":37},"end":{"line":35,"column":1}},"line":32},"7":{"name":"(anonymous_7)","decl":{"start":{"line":37,"column":22},"end":{"line":37,"column":23}},"loc":{"start":{"line":37,"column":45},"end":{"line":40,"column":1}},"line":37},"8":{"name":"(anonymous_8)","decl":{"start":{"line":42,"column":22},"end":{"line":42,"column":23}},"loc":{"start":{"line":42,"column":36},"end":{"line":44,"column":1}},"line":42}},"branchMap":{"0":{"loc":{"start":{"line":38,"column":2},"end":{"line":38,"column":92}},"type":"if","locations":[{"start":{"line":38,"column":2},"end":{"line":38,"column":92}},{"start":{},"end":{}}],"line":38}},"s":{"0":1,"1":1,"2":0,"3":0,"4":1,"5":0,"6":0,"7":0,"8":1,"9":0,"10":0,"11":0,"12":1,"13":0,"14":0,"15":1,"16":0,"17":0,"18":1,"19":0,"20":0,"21":0,"22":1,"23":0,"24":1},"f":{"0":0,"1":0,"2":0,"3":0,"4":0,"5":0,"6":0,"7":0,"8":0},"b":{"0":[0,0]},"_coverageSchema":"1a1c01bbd47fc00a2c39e90264f33305004495a9","hash":"c13f236d77f212a3caad80cb54988bd826f48722"}
,"C:\\Users\\hp\\Desktop\\New folder\\Backend Project\\GripInvest-backend\\src\\models\\userModel.js": {"path":"C:\\Users\\hp\\Desktop\\New folder\\Backend Project\\GripInvest-backend\\src\\models\\userModel.js","statementMap":{"0":{"start":{"line":2,"column":13},"end":{"line":2,"column":42}},"1":{"start":{"line":3,"column":15},"end":{"line":3,"column":34}},"2":{"start":{"line":5,"column":19},"end":{"line":12,"column":1}},"3":{"start":{"line":6,"column":25},"end":{"line":6,"column":65}},"4":{"start":{"line":7,"column":19},"end":{"line":10,"column":3}},"5":{"start":{"line":11,"column":2},"end":{"line":11,"column":25}},"6":{"start":{"line":14,"column":24},"end":{"line":17,"column":1}},"7":{"start":{"line":15,"column":17},"end":{"line":15,"column":83}},"8":{"start":{"line":16,"column":2},"end":{"line":16,"column":17}},"9":{"start":{"line":19,"column":24},"end":{"line":19,"column":80}},"10":{"start":{"line":19,"column":50},"end":{"line":19,"column":80}},"11":{"start":{"line":21,"column":0},"end":{"line":21,"column":66}}},"fnMap":{"0":{"name":"(anonymous_0)","decl":{"start":{"line":5,"column":19},"end":{"line":5,"column":20}},"loc":{"start":{"line":5,"column":39},"end":{"line":12,"column":1}},"line":5},"1":{"name":"(anonymous_1)","decl":{"start":{"line":14,"column":24},"end":{"line":14,"column":25}},"loc":{"start":{"line":14,"column":41},"end":{"line":17,"column":1}},"line":14},"2":{"name":"(anonymous_2)","decl":{"start":{"line":19,"column":24},"end":{"line":19,"column":25}},"loc":{"start":{"line":19,"column":50},"end":{"line":19,"column":80}},"line":19}},"branchMap":{},"s":{"0":1,"1":1,"2":1,"3":1,"4":1,"5":0,"6":1,"7":3,"8":3,"9":1,"10":2,"11":1},"f":{"0":1,"1":3,"2":2},"b":{},"_coverageSchema":"1a1c01bbd47fc00a2c39e90264f33305004495a9","hash":"1d1bb1256e728d45c354d0945244861fd7254cdf"}
,"C:\\Users\\hp\\Desktop\\New folder\\Backend Project\\GripInvest-backend\\src\\routes\\auth.js": {"path":"C:\\Users\\hp\\Desktop\\New folder\\Backend Project\\GripInvest-backend\\src\\routes\\auth.js","statementMap":{"0":{"start":{"line":2,"column":16},"end":{"line":2,"column":34}},"1":{"start":{"line":3,"column":41},"end":{"line":3,"column":81}},"2":{"start":{"line":4,"column":35},"end":{"line":4,"column":69}},"3":{"start":{"line":6,"column":15},"end":{"line":6,"column":31}},"4":{"start":{"line":8,"column":0},"end":{"line":8,"column":55}},"5":{"start":{"line":9,"column":0},"end":{"line":9,"column":29}},"6":{"start":{"line":10,"column":0},"end":{"line":10,"column":37}},"7":{"start":{"line":12,"column":0},"end":{"line":12,"column":24}}},"fnMap":{},"branchMap":{},"s":{"0":1,"1":1,"2":1,"3":1,"4":1,"5":1,"6":1,"7":1},"f":{},"b":{},"_coverageSchema":"1a1c01bbd47fc00a2c39e90264f33305004495a9","hash":"3677f0224c397789909f50d27f59c6ac427b0248"}
,"C:\\Users\\hp\\Desktop\\New folder\\Backend Project\\GripInvest-backend\\src\\routes\\investments.js": {"path":"C:\\Users\\hp\\Desktop\\New folder\\Backend Project\\GripInvest-backend\\src\\routes\\investments.js","statementMap":{"0":{"start":{"line":2,"column":16},"end":{"line":2,"column":34}},"1":{"start":{"line":3,"column":30},"end":{"line":3,"column":76}},"2":{"start":{"line":4,"column":30},"end":{"line":4,"column":54}},"3":{"start":{"line":5,"column":39},"end":{"line":5,"column":73}},"4":{"start":{"line":6,"column":23},"end":{"line":6,"column":54}},"5":{"start":{"line":8,"column":15},"end":{"line":8,"column":31}},"6":{"start":{"line":10,"column":0},"end":{"line":10,"column":30}},"7":{"start":{"line":11,"column":0},"end":{"line":11,"column":27}},"8":{"start":{"line":13,"column":0},"end":{"line":13,"column":53}},"9":{"start":{"line":14,"column":0},"end":{"line":14,"column":36}},"10":{"start":{"line":16,"column":0},"end":{"line":16,"column":24}}},"fnMap":{},"branchMap":{},"s":{"0":1,"1":1,"2":1,"3":1,"4":1,"5":1,"6":1,"7":1,"8":1,"9":1,"10":1},"f":{},"b":{},"_coverageSchema":"1a1c01bbd47fc00a2c39e90264f33305004495a9","hash":"2c6295dbf33d3e4da66a9efdf2a9ab1ee4124ab7"}
,"C:\\Users\\hp\\Desktop\\New folder\\Backend Project\\GripInvest-backend\\src\\routes\\logs.js": {"path":"C:\\Users\\hp\\Desktop\\New folder\\Backend Project\\GripInvest-backend\\src\\routes\\logs.js","statementMap":{"0":{"start":{"line":2,"column":16},"end":{"line":2,"column":34}},"1":{"start":{"line":3,"column":20},"end":{"line":3,"column":59}},"2":{"start":{"line":4,"column":30},"end":{"line":4,"column":54}},"3":{"start":{"line":5,"column":23},"end":{"line":5,"column":54}},"4":{"start":{"line":7,"column":15},"end":{"line":7,"column":31}},"5":{"start":{"line":9,"column":0},"end":{"line":9,"column":30}},"6":{"start":{"line":10,"column":0},"end":{"line":10,"column":27}},"7":{"start":{"line":12,"column":0},"end":{"line":12,"column":25}},"8":{"start":{"line":14,"column":0},"end":{"line":14,"column":24}}},"fnMap":{},"branchMap":{},"s":{"0":1,"1":1,"2":1,"3":1,"4":1,"5":1,"6":1,"7":1,"8":1},"f":{},"b":{},"_coverageSchema":"1a1c01bbd47fc00a2c39e90264f33305004495a9","hash":"a523bd5ea52e19dc5eabbf33542e186d47dd2238"}
,"C:\\Users\\hp\\Desktop\\New folder\\Backend Project\\GripInvest-backend\\src\\routes\\products.js": {"path":"C:\\Users\\hp\\Desktop\\New folder\\Backend Project\\GripInvest-backend\\src\\routes\\products.js","statementMap":{"0":{"start":{"line":2,"column":16},"end":{"line":2,"column":34}},"1":{"start":{"line":3,"column":49},"end":{"line":3,"column":92}},"2":{"start":{"line":4,"column":39},"end":{"line":4,"column":63}},"3":{"start":{"line":5,"column":36},"end":{"line":5,"column":70}},"4":{"start":{"line":6,"column":23},"end":{"line":6,"column":54}},"5":{"start":{"line":8,"column":15},"end":{"line":8,"column":31}},"6":{"start":{"line":10,"column":0},"end":{"line":10,"column":30}},"7":{"start":{"line":11,"column":0},"end":{"line":11,"column":27}},"8":{"start":{"line":13,"column":0},"end":{"line":13,"column":22}},"9":{"start":{"line":14,"column":0},"end":{"line":14,"column":27}},"10":{"start":{"line":16,"column":0},"end":{"line":16,"column":59}},"11":{"start":{"line":17,"column":0},"end":{"line":17,"column":61}},"12":{"start":{"line":18,"column":0},"end":{"line":18,"column":39}},"13":{"start":{"line":20,"column":0},"end":{"line":20,"column":24}}},"fnMap":{},"branchMap":{},"s":{"0":1,"1":1,"2":1,"3":1,"4":1,"5":1,"6":1,"7":1,"8":1,"9":1,"10":1,"11":1,"12":1,"13":1},"f":{},"b":{},"_coverageSchema":"1a1c01bbd47fc00a2c39e90264f33305004495a9","hash":"db4afd9747f82acf8fa897b98e3be8ebcbd97142"}
}
